1
2
2
2
2
13
sdfadas
asdfasdsa


asdas

1
2
4

5
6
7
$GPRMC,012552.73,A,0444.241335,N,07403.395493,W,006.6,351.1,180711,,,A*46
$PGLOR,RID,BCD,2,16,4*71
$GPGGA,012857.69,,,,,0,00,300.0,,M,,M,,*63
$PGLOR,STA,012857.69,1054144.693,0.000,369,98,3000,0,PWR,D*3A
$PGLOR,SAT*2C

1

2

4
$PGLOR,SIO,TxERR,0,RxERR,0,TxCNT,3088,RxCNT,3768,DTMS,2034,DTIN,7,DTOUT,367*71
$GPGSV,3,1,11,10,79,159,,28,64,138,,51,50,262,,04,39,341,*74
$GPGSV,3,2,11,17,34,025,,05,30,210,,48,22,267,,08,13,167,*7E
$GPGSV,3,3,11,13,11,099,,27,10,280,,09,04,290,*43
$GPGSA,A,1,,,,,,,,,,,,,140.0,99.0,99.0*35
$GPRMC,012857.69,V,,,,,,,180711,,,N*75
$GPGGA,012858.69,,,,,0,00,300.0,,M,,M,,*6C
$PGLOR,STA,012858.69,-1345266.844,0.000,369,98,3000,0,PWR,D*1C
$PGLOR,SAT*2C
$PGLOR,SIO,TxERR,0,RxERR,0,TxCNT,192,RxCNT,2044,DTMS,1001,DTIN,42,DTOUT,352*72
$GPGSV,3,1,11,10,79,159,,28,64,138,,04,39,341,,17,34,025,*75
$GPGSV,3,2,11,02,32,286,,05,30,210,,48,22,267,,08,13,167,*77
$GPGSV,3,3,11,13,11,099,,27,10,280,,09,04,290,*43
$GPGSA,A,1,,,,,,,,,,,,,140.0,99.0,99.0*35
$GPRMC,012858.69,V,,,,,,,180711,,,N*7A

